<?xml version="1.0" encoding="UTF-8"?>
<!-- Generated by org.testng.reporters.JUnitXMLReporter -->
<testsuite ignored="0" hostname="ubuntu" failures="1" tests="2" name="FireFox Test" time="34.84" errors="0" timestamp="18 5月 2020 12:38:40 GMT">
  <testcase classname="extenreports.Test1" name="test1_validLoginTest" time="13.487">
    <failure type="java.lang.AssertionError" message="expected [true] but found [false]">
      <![CDATA[java.lang.AssertionError: expected [true] but found [false]
	at extenreports.Test1.test1_validLoginTest(Test1.java:71)
... Removed 29 stack frames]]>
    </failure>
  </testcase> <!-- test1_validLoginTest -->
  <testcase classname="extenreports.Test2" name="testMethod" time="0.002"/>
</testsuite> <!-- FireFox Test -->
