<?xml version="1.0" encoding="UTF-8"?>
<!-- Generated by org.testng.reporters.JUnitXMLReporter -->
<testsuite ignored="0" hostname="ubuntu" failures="0" tests="4" name="Test 2" time="0.036" errors="0" timestamp="16 5月 2020 15:30:51 GMT">
  <testcase classname="testclasses.TestNG_Preserve1" name="testMethod1" time="0.002"/>
  <testcase classname="testclasses.TestNG_Preserve1" name="testMethod2" time="0.001"/>
  <testcase classname="testclasses.TestNG_Preserve2" name="testMethod1" time="0.001"/>
  <testcase classname="testclasses.TestNG_Preserve2" name="testMethod2" time="0.023"/>
</testsuite> <!-- Test 2 -->
