<?xml version="1.0" encoding="UTF-8"?>
<!-- Generated by org.testng.reporters.JUnitXMLReporter -->
<testsuite ignored="0" hostname="ubuntu" failures="0" tests="4" name="Test 1" time="0.033" errors="0" timestamp="15 5月 2020 09:11:23 GMT">
  <testcase classname="testclasses.TestNG_Preserve2" name="testMethod1" time="0.007"/>
  <testcase classname="testclasses.TestNG_Preserve2" name="testMethod2" time="0.001"/>
  <testcase classname="testclasses.TestNG_Preserve1" name="testMethod1" time="0.001"/>
  <testcase classname="testclasses.TestNG_Preserve1" name="testMethod2" time="0.002"/>
</testsuite> <!-- Test 1 -->
