<?xml version="1.0" encoding="UTF-8"?>
<!-- Generated by org.testng.reporters.JUnitXMLReporter -->
<testsuite ignored="0" hostname="ubuntu" failures="1" tests="2" name="Application Test2" time="0.016" errors="0" timestamp="15 5月 2020 17:36:57 GMT">
  <testcase classname="testclasses.TestNG_ListenersTest2" name="testMethod1" time="0.001"/>
  <testcase classname="testclasses.TestNG_ListenersTest2" name="testMethod2" time="0.011">
    <failure type="java.lang.AssertionError" message="expected [true] but found [false]">
      <![CDATA[java.lang.AssertionError: expected [true] but found [false]at testclasses.TestNG_ListenersTest2.testMethod2(TestNG_ListenersTest2.java:32)... Removed 29 stack frames]]>
    </failure>
  </testcase> <!-- testMethod2 -->
</testsuite> <!-- Application Test2 -->
