<?xml version="1.0" encoding="UTF-8"?>
<!-- Generated by org.testng.reporters.JUnitXMLReporter -->
<testsuite ignored="0" hostname="ubuntu" failures="1" tests="2" name="Application Test" time="0.034" errors="0" timestamp="17 5月 2020 19:21:37 GMT">
  <testcase classname="testclasses.TestNG_ListenersTest1" name="testMethod1" time="0.007"/>
  <testcase classname="testclasses.TestNG_ListenersTest1" name="testMethod2" time="0.004">
    <failure type="java.lang.AssertionError" message="expected [true] but found [false]">
      <![CDATA[java.lang.AssertionError: expected [true] but found [false]
	at testclasses.TestNG_ListenersTest1.testMethod2(TestNG_ListenersTest1.java:32)
... Removed 29 stack frames]]>
    </failure>
  </testcase> <!-- testMethod2 -->
</testsuite> <!-- Application Test -->
