<?xml version="1.0" encoding="UTF-8"?>
<!-- Generated by org.testng.reporters.JUnitReportReporter -->
<testsuite hostname="ubuntu" failures="0" tests="3" name="testclasses.TestAnnotation" time="0.019" errors="0" timestamp="15 5月 2020 04:30:31 GMT" skipped="0">
  <testcase classname="testclasses.TestAnnotation" name="test1" time="0.011"/>
  <testcase classname="testclasses.TestAnnotation" name="atest2" time="0.007"/>
  <testcase classname="testclasses.TestAnnotation" name="test3" time="0.001"/>
</testsuite> <!-- testclasses.TestAnnotation -->
