<?xml version="1.0" encoding="UTF-8"?>
<!-- Generated by org.testng.reporters.JUnitReportReporter -->
<testsuite hostname="ubuntu" failures="0" tests="4" name="testclasses.TestNG_Preserve1" time="0.019" errors="0" timestamp="16 5月 2020 15:30:51 GMT" skipped="0">
  <testcase classname="testclasses.TestNG_Preserve1" name="testMethod1" time="0.002"/>
  <testcase classname="testclasses.TestNG_Preserve1" name="testMethod1" time="0.014"/>
  <testcase classname="testclasses.TestNG_Preserve1" name="testMethod2" time="0.002"/>
  <testcase classname="testclasses.TestNG_Preserve1" name="testMethod2" time="0.001"/>
</testsuite> <!-- testclasses.TestNG_Preserve1 -->
