<?xml version="1.0" encoding="UTF-8"?>
<!-- Generated by org.testng.reporters.JUnitReportReporter -->
<testsuite hostname="ubuntu" failures="0" tests="3" name="testclasses.TestNG_DataProviders" time="0.008" errors="0" timestamp="17 5月 2020 14:42:49 GMT" skipped="0">
  <testcase classname="testclasses.TestNG_DataProviders" name="testMethod1" time="0.001"/>
  <testcase classname="testclasses.TestNG_DataProviders" name="testMethod1" time="0.006"/>
  <testcase classname="testclasses.TestNG_DataProviders" name="testMethod1" time="0.001"/>
</testsuite> <!-- testclasses.TestNG_DataProviders -->
