<?xml version="1.0" encoding="UTF-8"?>
<!-- Generated by org.testng.reporters.JUnitReportReporter -->
<testsuite hostname="ubuntu" failures="0" tests="2" name="testclasses.TestNG_PracticeLoginTwoBrowers" time="3.722" errors="0" timestamp="17 5月 2020 13:46:23 GMT" skipped="0">
  <testcase classname="testclasses.TestNG_PracticeLoginTwoBrowers" name="Test" time="2.729"/>
  <testcase classname="testclasses.TestNG_PracticeLoginTwoBrowers" name="Test" time="0.993"/>
</testsuite> <!-- testclasses.TestNG_PracticeLoginTwoBrowers -->
