<?xml version="1.0" encoding="UTF-8"?>
<!-- Generated by org.testng.reporters.JUnitReportReporter -->
<testsuite hostname="ubuntu" failures="0" tests="3" name="testclasses.TestNG_Priority" time="0.007" errors="0" timestamp="15 5月 2020 07:04:03 GMT" skipped="0">
  <testcase classname="testclasses.TestNG_Priority" name="testMethod3" time="0.006"/>
  <testcase classname="testclasses.TestNG_Priority" name="testMethod2" time="0.001"/>
  <testcase classname="testclasses.TestNG_Priority" name="testMethod1" time="0.000"/>
</testsuite> <!-- testclasses.TestNG_Priority -->
