<?xml version="1.0" encoding="UTF-8"?>
<!-- Generated by org.testng.reporters.JUnitReportReporter -->
<testsuite hostname="ubuntu" failures="0" tests="4" name="testclasses.TestNG_Grouping" time="0.009" errors="0" timestamp="15 5月 2020 07:35:55 GMT" skipped="0">
  <testcase classname="testclasses.TestNG_Grouping" name="testNinja" time="0.002"/>
  <testcase classname="testclasses.TestNG_Grouping" name="testAudiA6" time="0.005"/>
  <testcase classname="testclasses.TestNG_Grouping" name="testBMWX6" time="0.001"/>
  <testcase classname="testclasses.TestNG_Grouping" name="testHondaCBR" time="0.001"/>
</testsuite> <!-- testclasses.TestNG_Grouping -->
