<?xml version="1.0" encoding="UTF-8"?>
<!-- Generated by org.testng.reporters.JUnitReportReporter -->
<testsuite hostname="ubuntu" failures="0" tests="2" name="testclasses.TestNG_EnableTimeout" time="0.113" errors="1" timestamp="15 5月 2020 08:36:58 GMT" skipped="1">
  <testcase classname="testclasses.TestNG_EnableTimeout" name="testMethod2" time="0.113">
    <error message="Method testclasses.TestNG_EnableTimeout.testMethod2() didn&#039;t finish within the time-out 100" type="org.testng.internal.thread.ThreadTimeoutException">
      <![CDATA[org.testng.internal.thread.ThreadTimeoutException: Method testclasses.TestNG_EnableTimeout.testMethod2() didn't finish within the time-out 100at java.base@11.0.7/java.util.concurrent.FutureTask.run(FutureTask.java:266)at java.base@11.0.7/java.util.concurrent.ThreadPoolExecutor.runWorker(ThreadPoolExecutor.java:1128)at java.base@11.0.7/java.util.concurrent.ThreadPoolExecutor$Worker.run(ThreadPoolExecutor.java:628)at java.base@11.0.7/java.lang.Thread.run(Thread.java:834)]]>
    </error>
  </testcase> <!-- testMethod2 -->
  <testcase classname="testclasses.TestNG_EnableTimeout" name="testMethod1">
    <skipped/>
  </testcase> <!-- testMethod1 -->
</testsuite> <!-- testclasses.TestNG_EnableTimeout -->
