<?xml version="1.0" encoding="UTF-8"?>
<!-- Generated by org.testng.reporters.JUnitReportReporter -->
<testsuite hostname="ubuntu" failures="0" tests="2" name="testclasses.TestNG_BeforeClassAnnotation" time="0.006" errors="0" timestamp="15 5月 2020 18:54:37 GMT" skipped="0">
  <testcase classname="testclasses.TestNG_BeforeClassAnnotation" name="testMethod1" time="0.004"/>
  <testcase classname="testclasses.TestNG_BeforeClassAnnotation" name="testMethod2" time="0.002"/>
</testsuite> <!-- testclasses.TestNG_BeforeClassAnnotation -->
