<?xml version="1.0" encoding="UTF-8"?>
<!-- Generated by org.testng.reporters.JUnitReportReporter -->
<testsuite hostname="ubuntu" failures="0" tests="4" name="testclasses.TestNG_Preserve2" time="0.025" errors="0" timestamp="15 5月 2020 09:11:23 GMT" skipped="0">
  <testcase classname="testclasses.TestNG_Preserve2" name="testMethod1" time="0.001"/>
  <testcase classname="testclasses.TestNG_Preserve2" name="testMethod2" time="0.001"/>
  <testcase classname="testclasses.TestNG_Preserve2" name="testMethod2" time="0.016"/>
  <testcase classname="testclasses.TestNG_Preserve2" name="testMethod1" time="0.007"/>
</testsuite> <!-- testclasses.TestNG_Preserve2 -->
