<?xml version="1.0" encoding="UTF-8"?>
<!-- Generated by org.testng.reporters.JUnitXMLReporter -->
<testsuite ignored="2" hostname="ubuntu" failures="0" tests="4" name="Application" time="0.029" errors="0" timestamp="15 5月 2020 18:55:56 GMT">
  <testcase classname="testclasses.TestNG_Class1" name="testMethod1" time="0.005"/>
  <testcase classname="testclasses.TestNG_Class1" name="testMethod2" time="0.001"/>
  <testcase classname="testclasses.TestNG_Class2" name="testMethod1" time="0.001"/>
  <testcase classname="testclasses.TestNG_Class2" name="testMethod2" time="0.001"/>
  <testcase classname="base.BaseTestSuite" name="@BeforeSuite beforeSuite" time="0.0">
    <ignored/>
  </testcase> <!-- @BeforeSuite beforeSuite -->
  <testcase classname="base.BaseTestSuite" name="@AfterSuite afterSuite" time="0.0">
    <ignored/>
  </testcase> <!-- @AfterSuite afterSuite -->
</testsuite> <!-- Application -->
