<?xml version="1.0" encoding="UTF-8"?>
<!-- Generated by org.testng.reporters.JUnitXMLReporter -->
<testsuite ignored="0" hostname="ubuntu" failures="1" tests="3" name="Application Test" time="0.029" errors="0" timestamp="18 5月 2020 06:04:28 GMT">
  <testcase classname="testclasses.TestNG_ReportsAndLogs" name="testMethod2" time="0.006">
    <failure type="java.lang.AssertionError" message="expected [true] but found [false]">
      <![CDATA[java.lang.AssertionError: expected [true] but found [false]
	at testclasses.TestNG_ReportsAndLogs.testMethod2(TestNG_ReportsAndLogs.java:41)
... Removed 29 stack frames]]>
    </failure>
  </testcase> <!-- testMethod2 -->
  <testcase classname="testclasses.TestNG_ReportsAndLogs" name="testMethod1" time="0.001"/>
  <testcase classname="testclasses.TestNG_ReportsAndLogs" name="testMethod3" time="0.0">
    <skipped/>
  </testcase> <!-- testMethod3 -->
</testsuite> <!-- Application Test -->
