<?xml version="1.0" encoding="UTF-8"?>
<!-- Generated by org.testng.reporters.JUnitXMLReporter -->
<testsuite ignored="0" hostname="ubuntu" failures="0" tests="4" name="Application" time="0.046" errors="0" timestamp="15 5月 2020 06:04:14 GMT">
  <testcase classname="testclasses.TestNG_Class1" name="testMethod1" time="0.004"/>
  <testcase classname="testclasses.TestNG_Class1" name="testMethod2" time="0.001"/>
  <testcase classname="testclasses.TestNG_Class2" name="testMethod1" time="0.001"/>
  <testcase classname="testclasses.TestNG_Class2" name="testMethod2" time="0.002"/>
</testsuite> <!-- Application -->
