<?xml version="1.0" encoding="UTF-8"?>
<!-- Generated by org.testng.reporters.JUnitXMLReporter -->
<testsuite ignored="2" hostname="ubuntu" failures="0" tests="4" name="Application Test" time="0.115" errors="0" timestamp="15 5月 2020 06:30:59 GMT">
  <testcase classname="testclasses.TestNG_Class1" name="testMethod1" time="0.017"/>
  <testcase classname="testclasses.TestNG_Class1" name="testMethod2" time="0.003"/>
  <testcase classname="testclasses.TestNG_Class2" name="testMethod1" time="0.002"/>
  <testcase classname="testclasses.TestNG_Class2" name="testMethod2" time="0.011"/>
  <testcase classname="base.BaseTestSuite" name="@BeforeSuite beforeSuite" time="0.0">
    <ignored/>
  </testcase> <!-- @BeforeSuite beforeSuite -->
  <testcase classname="base.BaseTestSuite" name="@AfterSuite afterSuite" time="0.0">
    <ignored/>
  </testcase> <!-- @AfterSuite afterSuite -->
</testsuite> <!-- Application Test -->
