<?xml version="1.0" encoding="UTF-8"?>
<!-- Generated by org.testng.reporters.JUnitXMLReporter -->
<testsuite ignored="0" hostname="ubuntu" failures="0" tests="4" name="GroupsDemo" time="0.037" errors="0" timestamp="15 5月 2020 20:02:14 GMT">
  <testcase classname="testclasses.TestNG_Grouping" name="testAudiA6" time="0.005"/>
  <testcase classname="testclasses.TestNG_Grouping" name="testBMWX6" time="0.001"/>
  <testcase classname="testclasses.TestNG_Grouping" name="testHondaCBR" time="0.001"/>
  <testcase classname="testclasses.TestNG_Grouping" name="testNinja" time="0.001"/>
</testsuite> <!-- GroupsDemo -->
